<?xml version="1.0" encoding="UTF-8"?>
<!-- Generated by org.testng.reporters.JUnitXMLReporter -->
<testsuite hostname="Asha" ignored="0" name="compareitems" tests="4" failures="0" timestamp="27 Jul 2020 16:12:14 GMT" time="56.342" errors="0">
  <testcase name="a_urllauch" time="34.358" classname="testNGFramework.Demostore_compareitems"/>
  <testcase name="b_hotdeals" time="3.51" classname="testNGFramework.Demostore_compareitems"/>
  <testcase name="c_categoryselection" time="3.472" classname="testNGFramework.Demostore_compareitems"/>
  <testcase name="d_compareitems" time="14.99" classname="testNGFramework.Demostore_compareitems"/>
</testsuite> <!-- compareitems -->
