<?xml version="1.0" encoding="UTF-8"?>
<!-- Generated by org.testng.reporters.JUnitXMLReporter -->
<testsuite hostname="Asha" ignored="1" name="FlipkartSearchflow" tests="3" failures="0" timestamp="21 Jul 2020 10:00:35 GMT" time="26.62" errors="0">
  <testcase name="flipkartpageload" time="24.79" classname="testNGFramework.Flipkartsearch"/>
  <testcase name="loginlayer" time="0.349" classname="testNGFramework.Flipkartsearch"/>
  <testcase name="search" time="1.472" classname="testNGFramework.Flipkartsearch"/>
  <testcase name="thesearchresults" time="0.0" classname="testNGFramework.Flipkartsearch">
    <ignored/>
  </testcase> <!-- thesearchresults -->
</testsuite> <!-- FlipkartSearchflow -->
