<?xml version="1.0" encoding="UTF-8"?>
<!-- Generated by org.testng.reporters.JUnitXMLReporter -->
<testsuite hostname="Asha" ignored="3" name="xmlGroupingconcepts1" tests="1" failures="0" timestamp="26 Jul 2020 21:44:32 GMT" time="0.06" errors="0">
  <testcase name="F1" time="0.02" classname="testNGFramework.Groupingconcepts1"/>
  <testcase name="F2" time="0.0" classname="testNGFramework.Groupingconcepts1">
    <ignored/>
  </testcase> <!-- F2 -->
  <testcase name="F4" time="0.0" classname="testNGFramework.Groupingconcepts1">
    <ignored/>
  </testcase> <!-- F4 -->
  <testcase name="F3" time="0.0" classname="testNGFramework.Groupingconcepts1">
    <ignored/>
  </testcase> <!-- F3 -->
</testsuite> <!-- xmlGroupingconcepts1 -->
