<?xml version="1.0" encoding="UTF-8"?>
<!-- Generated by org.testng.reporters.JUnitXMLReporter -->
<testsuite hostname="Asha" ignored="0" name="YourLogo_Registration_Login_logoutflow" tests="6" failures="0" timestamp="21 Jul 2020 10:00:08 GMT" time="98.099" errors="0">
  <testcase name="a_pageload" time="19.971" classname="testNGFramework.YourLogoForTestNG"/>
  <testcase name="b_registration" time="12.738" classname="testNGFramework.YourLogoForTestNG"/>
  <testcase name="c_personalinfo" time="33.47" classname="testNGFramework.YourLogoForTestNG"/>
  <testcase name="d_addressinfo" time="7.611" classname="testNGFramework.YourLogoForTestNG"/>
  <testcase name="e_signout" time="14.001" classname="testNGFramework.YourLogoForTestNG"/>
  <testcase name="f_signin" time="10.265" classname="testNGFramework.YourLogoForTestNG"/>
</testsuite> <!-- YourLogo_Registration_Login_logoutflow -->
