<?xml version="1.0" encoding="UTF-8"?>
<!-- Generated by org.testng.reporters.JUnitXMLReporter -->
<testsuite hostname="Asha" ignored="1" name="zerowebapp_grouping" tests="1" failures="0" timestamp="21 Jul 2020 10:21:33 GMT" time="12.174" errors="0">
  <testcase name="applicationlauch" time="12.108" classname="testNGFramework.Zerowebapp1"/>
  <testcase name="signin" time="0.0" classname="testNGFramework.Zerowebapp1">
    <ignored/>
  </testcase> <!-- signin -->
</testsuite> <!-- zerowebapp_grouping -->
